<?xml version="1.0" encoding="UTF-8"?>
<!-- Generated by org.testng.reporters.JUnitReportReporter -->
<testsuite hostname="ckumar" failures="0" tests="1" name="com.qa.mobile.tests.InvokeAppTest" time="15.030" errors="0" timestamp="09 Feb 2019 16:40:15 GMT" skipped="0">
  <testcase classname="com.qa.mobile.tests.InvokeAppTest" name="invokeAppTest" time="15.030"/>
</testsuite> <!-- com.qa.mobile.tests.InvokeAppTest -->
