<?xml version="1.0" encoding="UTF-8"?>
<!-- Generated by org.testng.reporters.JUnitReportReporter -->
<testsuite hostname="ckumar" failures="0" tests="1" name="com.qa.mobile.tests.ScrollToViewTest" time="13.584" errors="0" timestamp="10 Feb 2019 09:45:55 GMT" skipped="0">
  <testcase classname="com.qa.mobile.tests.ScrollToViewTest" name="scrollIntoViewTest" time="13.584"/>
</testsuite> <!-- com.qa.mobile.tests.ScrollToViewTest -->
