<?xml version="1.0" encoding="UTF-8"?>
<!-- Generated by org.testng.reporters.JUnitReportReporter -->
<testsuite hostname="ckumar" failures="0" tests="1" name="com.qa.mobile.tests.GesturesTest" time="8.780" errors="0" timestamp="09 Feb 2019 18:52:08 GMT" skipped="0">
  <testcase classname="com.qa.mobile.tests.GesturesTest" name="touchGesturesTest" time="8.780"/>
</testsuite> <!-- com.qa.mobile.tests.GesturesTest -->
