<?xml version="1.0" encoding="UTF-8"?>
<!-- Generated by org.testng.reporters.JUnitReportReporter -->
<testsuite hostname="ckumar" failures="0" tests="1" name="com.qa.mobile.tests.DragAndDropTest" time="6.540" errors="0" timestamp="10 Feb 2019 16:19:06 GMT" skipped="0">
  <testcase classname="com.qa.mobile.tests.DragAndDropTest" name="dragAndDropTest" time="6.540"/>
</testsuite> <!-- com.qa.mobile.tests.DragAndDropTest -->
